<?xml version="1.0" encoding="UTF-8"?>
<!-- Generated by org.testng.reporters.JUnitXMLReporter -->
<testsuite hostname="DESKTOP-VA61BRK" ignored="0" name="Test" tests="4" failures="0" timestamp="05 Jan 2023 09:13:23 GMT" time="34.731" errors="0">
  <testcase name="login" time="6.28" classname="tests.LoginTest"/>
  <testcase name="testThree" time="6.574" classname="tests.ThreeTest"/>
  <testcase name="registrationTest" time="7.254" classname="tests.RegistrationTest"/>
  <testcase name="testFour" time="6.597" classname="tests.FourTest"/>
</testsuite> <!-- Test -->
