<?xml version="1.0" encoding="UTF-8"?>
<!-- Generated by org.testng.reporters.JUnitXMLReporter -->
<testsuite ignored="0" hostname="DESKTOP-VA61BRK" failures="0" tests="5" name="Test" time="34.375" errors="0" timestamp="05 Jan 2023 06:11:47 GMT">
  <testcase classname="tests.LoginTest" name="login" time="6.19"/>
  <testcase classname="tests.LoginTest" name="login" time="15.907"/>
  <testcase classname="tests.ThreeTest" name="testThree" time="0.001"/>
  <testcase classname="tests.RegistrationTest" name="registrationTest" time="0.0"/>
  <testcase classname="tests.FourTest" name="testFour" time="0.0"/>
</testsuite> <!-- Test -->
