<?xml version="1.0" encoding="UTF-8"?>
<testng-results ignored="0" total="1" passed="1" failed="0" skipped="0">
  <reporter-output>
  </reporter-output>
  <suite started-at="2023-01-06T05:14:07Z" name="Suite" finished-at="2023-01-06T05:14:19Z" duration-ms="11895">
    <groups>
      <group name="cucumber">
        <method signature="AbstractTestNGCucumberTests.runScenario(io.cucumber.testng.PickleWrapper, io.cucumber.testng.FeatureWrapper)[pri:0, instance:runner.Runner@6591f517]" name="runScenario" class="io.cucumber.testng.AbstractTestNGCucumberTests"/>
      </group> <!-- cucumber -->
    </groups>
    <test started-at="2023-01-06T05:14:07Z" name="TestFour" finished-at="2023-01-06T05:14:19Z" duration-ms="11895">
      <class name="runner.Runner">
        <test-method is-config="true" signature="setUpClass(org.testng.ITestContext)[pri:0, instance:runner.Runner@6591f517]" started-at="2023-01-06T05:14:07Z" name="setUpClass" finished-at="2023-01-06T05:14:07Z" duration-ms="242" status="PASS">
          <params>
            <param index="0">
              <value>
                <![CDATA[org.testng.TestRunner@2a9bc08f]]>
              </value>
            </param>
          </params>
          <reporter-output>
          </reporter-output>
        </test-method> <!-- setUpClass -->
        <test-method signature="runScenario(io.cucumber.testng.PickleWrapper, io.cucumber.testng.FeatureWrapper)[pri:0, instance:runner.Runner@6591f517]" started-at="2023-01-06T05:14:07Z" name="runScenario" description="Runs Cucumber Scenarios" data-provider="scenarios" finished-at="2023-01-06T05:14:19Z" duration-ms="11614" status="PASS">
          <params>
            <param index="0">
              <value>
                <![CDATA["Login with valid credentials"]]>
              </value>
            </param>
            <param index="1">
              <value>
                <![CDATA["Application Login"]]>
              </value>
            </param>
          </params>
          <reporter-output>
          </reporter-output>
        </test-method> <!-- runScenario -->
        <test-method is-config="true" signature="tearDownClass()[pri:0, instance:runner.Runner@6591f517]" started-at="2023-01-06T05:14:19Z" name="tearDownClass" finished-at="2023-01-06T05:14:19Z" duration-ms="17" status="PASS">
          <reporter-output>
          </reporter-output>
        </test-method> <!-- tearDownClass -->
      </class> <!-- runner.Runner -->
    </test> <!-- TestFour -->
  </suite> <!-- Suite -->
</testng-results>
